<?xml version="1.0" encoding="UTF-8"?>
<testsuite xmlns:xsi="http://www.w3.org/2001/XMLSchema-instance" xsi:noNamespaceSchemaLocation="https://maven.apache.org/surefire/maven-surefire-plugin/xsd/surefire-test-report.xsd" name="TestMtsPayFrame" time="8.364" tests="5" errors="0" skipped="0" failures="0">
  <properties>
[...]
</properties>
  <testcase name="CheckSummOnBtn" classname="TestMtsPayFrame" time="0.031"/>
  <testcase name="getPlaceHolder" classname="TestMtsPayFrame" time="0.056"/>
  <testcase name="CheckNumberCost" classname="TestMtsPayFrame" time="0.024"/>
  <testcase name="CheckSummCost" classname="TestMtsPayFrame" time="0.024"/>
  <testcase name="CheckImgPay" classname="TestMtsPayFrame" time="0.058"/>
</testsuite>